SF:lib/core/models/tv_device.dart
DA:6,8
DA:14,8
DA:25,0
DA:27,0
DA:28,0
DA:31,0
DA:32,0
DA:33,0
DA:35,9
DA:40,4
DA:41,4
DA:42,4
DA:43,8
DA:44,4
DA:45,4
DA:46,1
DA:49,4
DA:50,4
DA:52,2
DA:53,3
DA:54,2
DA:55,4
DA:56,3
DA:57,4
DA:60,12
DA:63,3
DA:72,3
DA:73,3
DA:74,2
DA:75,0
DA:76,1
DA:77,1
DA:78,3
DA:79,3
DA:83,2
DA:85,10
DA:87,2
DA:90,7
DA:93,1
DA:94,3
LF:40
LH:33
end_of_record
SF:lib/core/models/disconnection_type.dart
DA:11,0
DA:13,0
DA:15,0
DA:17,0
DA:19,0
DA:21,0
DA:23,0
DA:28,0
DA:30,0
DA:31,0
DA:33,0
DA:34,0
DA:35,0
DA:36,0
LF:14
LH:0
end_of_record
SF:lib/services/lg/lg_tv_service.dart
DA:42,2
DA:61,2
DA:67,0
DA:72,2
DA:92,8
DA:93,8
DA:95,4
DA:96,3
DA:97,3
DA:98,1
DA:99,1
DA:101,1
DA:102,1
DA:103,1
DA:104,1
DA:109,2
DA:110,2
DA:112,2
DA:113,6
DA:114,0
DA:116,4
DA:117,2
DA:119,2
DA:120,3
DA:122,2
DA:123,2
DA:124,2
DA:127,1
DA:131,10
DA:136,1
DA:137,2
DA:140,2
DA:143,2
DA:144,4
DA:147,2
DA:151,2
DA:153,4
DA:155,2
DA:158,1
DA:159,1
DA:160,1
DA:161,1
DA:162,3
DA:163,1
DA:164,0
DA:165,0
DA:166,0
DA:168,0
DA:170,0
DA:171,0
DA:172,0
DA:173,0
DA:176,0
DA:183,2
DA:184,1
DA:185,4
DA:186,2
DA:188,0
DA:191,1
DA:192,1
DA:193,1
DA:194,2
DA:202,1
DA:203,1
DA:205,1
DA:206,2
DA:207,1
DA:208,1
DA:209,1
DA:210,1
DA:213,1
DA:214,1
DA:215,3
DA:216,1
DA:217,2
DA:219,1
DA:220,1
DA:221,2
DA:222,1
DA:223,3
DA:224,1
DA:225,2
DA:226,1
DA:227,1
DA:228,2
DA:232,1
DA:233,2
DA:234,5
DA:236,3
DA:240,0
DA:246,1
DA:247,1
DA:248,2
DA:249,1
DA:251,3
DA:252,2
DA:253,2
DA:254,1
DA:255,1
DA:256,1
DA:257,0
DA:264,1
DA:268,1
DA:269,1
DA:270,2
DA:271,2
DA:273,0
DA:274,0
DA:275,0
DA:282,1
DA:283,1
DA:287,1
DA:288,1
DA:289,3
DA:292,1
DA:293,1
DA:294,1
DA:295,1
DA:296,0
DA:298,1
DA:299,1
DA:300,1
DA:302,1
DA:305,1
DA:307,0
DA:309,1
DA:310,1
DA:313,2
DA:315,1
DA:316,2
DA:318,0
DA:319,0
DA:321,2
DA:322,0
DA:323,0
DA:324,2
DA:326,1
DA:327,1
DA:329,0
DA:331,2
DA:333,1
DA:336,1
DA:337,2
DA:340,0
DA:341,0
DA:344,1
DA:345,2
DA:347,2
DA:349,1
DA:350,1
DA:351,1
DA:354,2
DA:355,4
DA:356,2
DA:357,2
DA:358,5
DA:359,2
DA:360,6
DA:361,2
DA:362,6
DA:363,2
DA:364,4
DA:365,0
DA:366,0
DA:369,4
DA:372,0
DA:373,0
DA:374,0
DA:375,0
DA:378,1
DA:379,2
DA:380,1
DA:381,1
DA:382,1
DA:385,1
DA:387,1
DA:389,0
DA:394,0
DA:395,0
DA:396,0
DA:399,0
DA:405,1
DA:406,1
DA:407,1
DA:410,1
DA:411,1
DA:412,1
DA:413,3
DA:418,1
DA:421,1
DA:423,4
DA:432,2
DA:435,2
DA:436,4
LF:194
LH:157
end_of_record
SF:lib/core/models/connection_state.dart
DA:10,2
DA:12,2
DA:14,0
DA:16,0
DA:18,0
DA:20,0
DA:25,0
DA:26,0
DA:27,0
LF:9
LH:2
end_of_record
SF:lib/core/models/tv_brand.dart
DA:16,2
DA:17,4
DA:18,4
DA:19,2
DA:20,1
DA:21,1
LF:6
LH:6
end_of_record
SF:lib/core/repositories/tv_repository.dart
DA:23,1
DA:46,0
DA:47,0
DA:51,1
DA:52,2
DA:53,3
DA:54,3
DA:56,4
DA:60,1
DA:65,1
DA:67,2
DA:74,1
DA:78,1
DA:81,1
DA:83,2
DA:84,3
DA:85,3
DA:87,0
DA:88,0
DA:96,1
DA:100,1
DA:101,1
DA:103,1
DA:105,2
DA:106,0
DA:110,1
DA:111,0
DA:112,0
DA:113,0
DA:114,0
DA:115,0
DA:117,0
DA:119,0
DA:120,0
DA:124,1
DA:125,1
DA:126,1
DA:127,0
DA:129,1
DA:130,1
DA:132,1
DA:133,1
DA:134,1
DA:137,2
DA:139,1
DA:141,1
DA:142,0
DA:146,1
DA:147,0
DA:153,1
DA:156,0
DA:157,0
DA:158,0
DA:163,0
DA:166,0
DA:167,0
DA:169,0
DA:170,0
DA:176,0
DA:177,0
DA:178,0
DA:179,0
DA:182,1
DA:183,2
DA:184,1
DA:185,1
DA:186,1
DA:187,1
DA:188,0
DA:189,0
DA:190,0
DA:193,0
DA:194,0
DA:196,0
DA:198,0
DA:201,1
DA:202,1
DA:203,1
DA:204,1
DA:210,1
DA:214,1
DA:215,1
DA:216,4
DA:217,2
DA:218,2
DA:219,1
DA:220,2
DA:221,3
DA:224,2
DA:225,2
DA:226,3
DA:227,2
DA:229,1
DA:230,0
DA:234,0
DA:235,0
DA:237,0
DA:239,0
DA:240,0
DA:243,0
DA:244,0
DA:248,1
DA:249,1
DA:250,2
DA:253,1
DA:254,1
DA:255,1
DA:256,1
DA:257,1
LF:109
LH:66
end_of_record
SF:lib/core/services/known_tvs_storage.dart
DA:9,2
DA:16,2
DA:17,4
DA:18,2
DA:20,2
DA:22,6
DA:23,2
DA:25,1
DA:29,2
DA:30,2
DA:31,2
DA:34,9
DA:35,2
DA:36,2
DA:37,8
DA:38,4
DA:41,2
DA:42,2
DA:43,16
DA:44,2
DA:45,8
DA:46,4
DA:49,2
DA:50,4
DA:53,4
DA:59,2
DA:60,2
DA:61,8
DA:64,6
DA:66,4
DA:67,2
DA:68,2
DA:69,2
DA:70,2
DA:71,2
DA:72,2
DA:75,4
DA:76,2
DA:77,2
DA:78,2
DA:79,2
DA:80,2
DA:81,2
LF:43
LH:43
end_of_record
SF:lib/core/services/tv_token_storage.dart
DA:6,2
DA:12,2
DA:13,2
DA:14,6
DA:17,2
DA:18,2
DA:19,6
DA:22,2
DA:23,2
DA:24,6
DA:27,1
DA:28,5
DA:29,2
DA:30,2
LF:14
LH:14
end_of_record
SF:lib/core/services/wake_on_lan_service.dart
DA:10,1
DA:14,1
DA:16,2
DA:19,1
DA:21,2
DA:26,0
DA:27,0
DA:30,0
LF:8
LH:5
end_of_record
SF:lib/implementations/lg_tv.dart
DA:13,1
DA:20,1
DA:36,0
DA:37,0
DA:38,0
DA:39,0
DA:40,0
DA:41,0
DA:42,0
DA:43,0
DA:45,0
DA:46,0
DA:48,0
DA:49,0
DA:53,0
DA:55,1
DA:57,2
DA:60,0
DA:67,1
DA:68,2
DA:71,1
DA:72,2
DA:75,1
DA:77,2
DA:79,0
DA:80,0
DA:82,0
DA:84,0
DA:87,0
DA:89,0
DA:90,0
DA:91,0
DA:94,0
DA:96,0
DA:99,0
DA:101,0
DA:104,0
DA:107,0
LF:38
LH:10
end_of_record
SF:lib/implementations/samsung_tv.dart
DA:8,0
DA:14,0
DA:22,0
DA:26,0
DA:27,0
DA:29,0
DA:30,0
DA:32,0
DA:33,0
DA:35,0
DA:36,0
DA:38,0
DA:39,0
DA:41,0
DA:42,0
DA:46,0
DA:48,0
DA:50,0
DA:53,0
DA:60,0
DA:61,0
DA:64,0
DA:66,0
DA:69,0
DA:70,0
DA:72,0
DA:73,0
DA:75,0
DA:76,0
LF:29
LH:0
end_of_record
SF:lib/services/mdns/bonjour_discovery_service.dart
DA:25,0
DA:28,0
DA:29,0
DA:30,0
DA:33,0
DA:41,0
DA:42,0
DA:43,0
DA:44,0
DA:46,0
DA:47,0
DA:48,0
DA:49,0
DA:54,0
DA:55,0
DA:57,0
DA:59,0
DA:61,0
DA:68,0
DA:73,0
DA:74,0
DA:75,0
DA:76,0
DA:77,0
DA:80,0
DA:82,0
DA:83,0
DA:84,0
DA:88,0
DA:89,0
DA:90,0
DA:91,0
DA:92,0
DA:100,6
LF:34
LH:1
end_of_record
SF:lib/services/upnp/ssdp_discovery_service.dart
DA:21,0
DA:29,0
DA:32,0
DA:33,0
DA:37,0
DA:40,0
DA:41,0
DA:42,0
DA:44,0
DA:46,0
DA:48,0
DA:51,0
DA:52,0
DA:53,0
DA:55,0
DA:57,0
DA:58,0
DA:61,0
DA:62,0
DA:63,0
DA:64,0
DA:65,0
DA:68,0
DA:69,0
DA:70,0
DA:71,0
DA:73,0
DA:77,0
DA:83,0
DA:84,0
DA:87,0
DA:91,0
DA:93,0
DA:94,0
DA:95,0
DA:97,0
DA:98,0
DA:99,0
DA:100,0
DA:101,0
DA:109,0
LF:41
LH:0
end_of_record
SF:lib/core/services/multicast_lock.dart
DA:20,0
DA:21,0
DA:22,0
DA:25,0
DA:26,0
DA:27,0
DA:28,0
DA:31,0
DA:32,0
DA:34,0
DA:35,0
DA:36,0
DA:37,0
DA:38,0
LF:14
LH:0
end_of_record
SF:lib/services/lg/lg_buttons.dart
DA:7,1
DA:8,1
DA:9,1
DA:10,1
DA:11,1
DA:12,1
DA:13,1
DA:14,1
DA:15,1
DA:16,1
DA:17,1
DA:18,1
DA:19,1
DA:20,1
DA:21,1
DA:22,1
DA:23,1
DA:24,1
DA:25,1
DA:26,1
DA:27,1
DA:28,1
DA:29,1
DA:30,1
DA:31,1
DA:32,1
DA:33,1
DA:34,1
DA:35,1
DA:36,1
DA:41,1
DA:42,1
DA:43,1
DA:44,1
DA:45,1
DA:46,1
LF:36
LH:36
end_of_record
SF:lib/services/samsung/samsung_tv_service.dart
DA:16,0
DA:22,0
DA:23,0
DA:34,0
DA:45,0
DA:46,0
DA:47,0
DA:48,0
DA:50,0
DA:51,0
DA:54,0
DA:55,0
DA:58,0
DA:59,0
DA:60,0
DA:64,0
DA:67,0
DA:68,0
DA:70,0
DA:72,0
DA:73,0
DA:74,0
DA:75,0
DA:78,0
DA:79,0
DA:80,0
DA:82,0
DA:83,0
DA:86,0
DA:87,0
DA:90,0
DA:92,0
DA:93,0
DA:94,0
DA:95,0
DA:101,0
DA:102,0
DA:103,0
DA:104,0
DA:105,0
DA:106,0
DA:109,0
DA:110,0
DA:111,0
DA:112,0
DA:113,0
DA:114,0
DA:115,0
DA:116,0
DA:117,0
DA:120,0
DA:122,0
DA:125,0
DA:126,0
DA:127,0
DA:128,0
DA:129,0
DA:132,0
DA:134,0
DA:135,0
DA:136,0
DA:137,0
DA:138,0
DA:141,0
DA:145,0
DA:146,0
DA:147,0
DA:151,0
DA:152,0
DA:153,0
DA:157,0
DA:160,0
DA:161,0
DA:162,0
DA:165,0
DA:166,0
DA:167,0
DA:169,0
DA:170,0
DA:171,0
DA:172,0
DA:173,0
DA:174,0
DA:175,0
DA:179,0
DA:183,0
DA:184,0
DA:185,0
DA:186,0
DA:187,0
DA:188,0
DA:189,0
DA:190,0
DA:193,0
DA:194,0
DA:195,0
DA:198,0
DA:199,0
DA:200,0
DA:203,0
DA:209,0
DA:210,0
DA:214,0
DA:215,0
DA:216,0
DA:217,0
DA:218,0
DA:219,0
DA:220,0
DA:223,0
DA:224,0
DA:225,0
DA:226,0
DA:227,0
DA:228,0
DA:233,0
DA:234,0
DA:236,0
DA:237,0
DA:239,0
DA:241,0
DA:249,0
DA:250,0
DA:251,0
DA:252,0
DA:256,0
DA:258,0
DA:259,0
DA:260,0
DA:263,0
LF:130
LH:0
end_of_record
SF:lib/services/mdns/bonjour_brand.dart
DA:10,1
DA:15,1
DA:16,1
DA:17,1
DA:18,1
DA:19,1
DA:20,3
DA:21,1
DA:22,1
DA:23,1
DA:24,2
DA:31,0
DA:32,0
LF:13
LH:11
end_of_record
SF:lib/services/upnp/ssdp_brand.dart
DA:3,3
DA:11,1
DA:13,2
DA:14,3
DA:17,1
DA:18,1
DA:19,1
LF:7
LH:7
end_of_record
SF:lib/l10n/app_localizations.dart
DA:66,2
DA:67,4
DA:71,2
DA:72,2
DA:544,4
DA:546,2
DA:548,4
DA:551,2
DA:553,6
DA:555,0
DA:559,2
DA:561,2
DA:562,2
DA:563,0
DA:564,2
DA:565,2
DA:566,0
DA:567,0
DA:570,0
LF:19
LH:14
end_of_record
SF:lib/ui/screens/device_selection/widgets/manual_ip_dialog.dart
DA:8,4
DA:10,1
DA:11,1
DA:13,1
DA:17,1
DA:18,1
DA:27,1
DA:29,2
DA:30,2
DA:31,1
DA:34,1
DA:35,2
DA:36,1
DA:37,2
DA:38,1
DA:39,3
DA:40,2
DA:41,1
DA:42,3
DA:47,1
DA:48,3
DA:49,3
DA:50,3
DA:51,1
DA:52,1
DA:53,3
DA:56,1
DA:58,1
DA:59,1
DA:60,2
DA:61,1
DA:62,1
DA:63,1
DA:65,1
DA:66,1
DA:67,1
DA:68,1
DA:70,2
DA:72,3
DA:74,1
DA:75,1
DA:76,4
DA:79,1
DA:80,1
DA:83,1
DA:84,1
DA:85,1
DA:87,1
DA:90,1
DA:91,1
DA:92,1
DA:93,1
DA:94,1
DA:100,1
DA:101,1
DA:102,0
DA:103,2
DA:105,4
LF:58
LH:57
end_of_record
SF:lib/blocs/connectivity/connectivity_bloc.dart
DA:10,1
DA:11,0
DA:12,1
DA:13,2
DA:19,1
DA:20,4
DA:21,4
DA:22,0
DA:26,1
DA:28,2
DA:29,1
LF:11
LH:9
end_of_record
SF:lib/blocs/connectivity/connectivity_state.dart
DA:5,1
DA:6,4
DA:10,0
DA:12,1
DA:13,2
DA:14,2
DA:16,1
DA:17,2
LF:8
LH:7
end_of_record
SF:lib/blocs/device_discovery/device_discovery_bloc.dart
DA:12,2
DA:14,2
DA:15,4
DA:16,4
DA:17,4
DA:18,4
DA:26,2
DA:31,6
DA:32,4
DA:33,4
DA:34,2
DA:35,4
DA:43,4
DA:45,4
DA:47,4
DA:48,4
DA:50,2
DA:51,12
DA:52,2
DA:53,4
DA:54,2
DA:61,1
DA:62,2
DA:64,1
DA:70,1
DA:74,1
DA:75,1
DA:76,2
DA:77,2
DA:79,5
DA:80,3
DA:83,1
DA:87,2
DA:88,2
DA:89,7
DA:90,1
DA:91,2
DA:93,1
DA:94,2
DA:95,1
DA:96,1
DA:97,5
LF:42
LH:42
end_of_record
SF:lib/blocs/device_discovery/device_discovery_event.dart
DA:6,4
DA:8,0
DA:13,2
DA:17,4
DA:21,1
DA:30,0
DA:31,0
DA:36,1
DA:39,0
DA:40,0
LF:10
LH:5
end_of_record
SF:lib/blocs/device_discovery/device_discovery_state.dart
DA:7,4
DA:21,2
DA:30,2
DA:31,0
DA:32,2
DA:33,2
DA:34,2
DA:35,2
DA:39,2
DA:40,2
DA:41,2
DA:42,2
DA:43,2
DA:44,2
DA:45,2
LF:15
LH:14
end_of_record
SF:lib/blocs/tv_connection/tv_connection_bloc.dart
DA:11,2
DA:13,2
DA:14,4
DA:15,4
DA:16,4
DA:17,4
DA:18,4
DA:27,2
DA:33,4
DA:34,2
DA:35,4
DA:37,2
DA:43,2
DA:45,4
DA:46,2
DA:47,0
DA:49,0
DA:52,4
DA:54,0
DA:57,6
DA:59,2
DA:60,1
DA:61,2
DA:63,1
DA:69,1
DA:73,2
DA:74,2
DA:75,1
DA:76,2
DA:83,1
DA:87,3
DA:89,3
DA:93,0
DA:94,0
DA:97,0
DA:98,0
DA:100,0
DA:106,2
DA:110,4
DA:111,2
DA:113,2
DA:114,1
DA:117,2
DA:118,4
DA:119,0
DA:123,0
DA:127,0
DA:128,0
DA:129,0
DA:131,0
DA:132,0
LF:51
LH:36
end_of_record
SF:lib/blocs/tv_connection/tv_connection_event.dart
DA:6,4
DA:8,0
DA:13,2
DA:16,0
DA:17,0
DA:21,4
DA:25,1
DA:28,0
DA:29,0
DA:34,2
DA:37,0
DA:38,0
DA:42,0
DA:45,0
DA:46,0
LF:15
LH:5
end_of_record
SF:lib/blocs/tv_connection/tv_connection_state.dart
DA:15,4
DA:22,8
DA:29,3
DA:30,2
DA:31,4
DA:32,4
DA:34,2
DA:42,2
DA:43,0
DA:44,2
DA:47,2
DA:48,2
DA:52,2
DA:53,10
LF:14
LH:13
end_of_record
SF:lib/l10n/app_localizations_ar.dart
DA:9,0
DA:11,0
DA:14,0
DA:17,0
DA:20,0
DA:23,0
DA:26,0
DA:29,0
DA:32,0
DA:35,0
DA:38,0
DA:41,0
DA:43,0
DA:46,0
DA:49,0
DA:53,0
DA:56,0
DA:59,0
DA:62,0
DA:66,0
DA:69,0
DA:72,0
DA:75,0
DA:78,0
DA:81,0
DA:84,0
DA:87,0
DA:90,0
DA:93,0
DA:96,0
DA:99,0
DA:102,0
DA:104,0
DA:107,0
DA:110,0
DA:113,0
DA:116,0
DA:119,0
DA:122,0
DA:125,0
DA:128,0
DA:131,0
DA:134,0
DA:137,0
DA:140,0
DA:143,0
DA:146,0
DA:149,0
DA:152,0
DA:155,0
DA:158,0
DA:161,0
DA:164,0
DA:167,0
DA:170,0
DA:173,0
DA:176,0
DA:179,0
DA:182,0
DA:185,0
DA:188,0
DA:191,0
DA:194,0
DA:197,0
DA:200,0
DA:203,0
DA:205,0
DA:208,0
DA:210,0
DA:213,0
DA:216,0
DA:219,0
DA:222,0
DA:225,0
DA:228,0
DA:231,0
DA:233,0
DA:236,0
DA:239,0
DA:241,0
LF:80
LH:0
end_of_record
SF:lib/l10n/app_localizations_en.dart
DA:9,4
DA:11,0
DA:14,1
DA:17,1
DA:20,1
DA:23,1
DA:26,1
DA:29,2
DA:32,1
DA:35,0
DA:38,1
DA:41,1
DA:43,1
DA:46,1
DA:49,1
DA:53,0
DA:56,1
DA:59,1
DA:62,1
DA:66,0
DA:69,0
DA:72,0
DA:75,1
DA:78,1
DA:81,1
DA:84,0
DA:87,0
DA:90,1
DA:93,0
DA:96,0
DA:99,0
DA:102,0
DA:104,0
DA:107,1
DA:110,1
DA:113,1
DA:116,0
DA:119,0
DA:122,1
DA:125,1
DA:128,1
DA:131,1
DA:134,1
DA:137,1
DA:140,1
DA:143,1
DA:146,1
DA:149,0
DA:152,0
DA:155,1
DA:158,1
DA:161,1
DA:164,1
DA:167,1
DA:170,1
DA:173,1
DA:176,1
DA:179,1
DA:182,1
DA:185,1
DA:188,1
DA:191,0
DA:194,0
DA:197,1
DA:200,1
DA:203,1
DA:205,1
DA:208,1
DA:210,1
DA:213,1
DA:216,1
DA:219,0
DA:222,1
DA:225,1
DA:228,1
DA:231,1
DA:233,1
DA:236,1
DA:239,0
DA:241,0
LF:80
LH:58
end_of_record
SF:lib/l10n/app_localizations_es.dart
DA:9,0
DA:11,0
DA:14,0
DA:17,0
DA:20,0
DA:23,0
DA:26,0
DA:29,0
DA:32,0
DA:35,0
DA:38,0
DA:41,0
DA:43,0
DA:46,0
DA:49,0
DA:53,0
DA:56,0
DA:59,0
DA:62,0
DA:65,0
DA:68,0
DA:71,0
DA:74,0
DA:77,0
DA:80,0
DA:83,0
DA:86,0
DA:89,0
DA:92,0
DA:95,0
DA:98,0
DA:101,0
DA:103,0
DA:106,0
DA:109,0
DA:112,0
DA:115,0
DA:118,0
DA:121,0
DA:124,0
DA:127,0
DA:130,0
DA:133,0
DA:136,0
DA:139,0
DA:142,0
DA:145,0
DA:148,0
DA:151,0
DA:154,0
DA:157,0
DA:160,0
DA:163,0
DA:166,0
DA:169,0
DA:172,0
DA:175,0
DA:178,0
DA:181,0
DA:184,0
DA:187,0
DA:190,0
DA:193,0
DA:196,0
DA:199,0
DA:202,0
DA:204,0
DA:207,0
DA:209,0
DA:212,0
DA:215,0
DA:218,0
DA:221,0
DA:224,0
DA:227,0
DA:230,0
DA:232,0
DA:235,0
DA:238,0
DA:240,0
LF:80
LH:0
end_of_record
SF:lib/ui/screens/device_selection/device_selection_screen.dart
DA:13,1
DA:15,1
DA:16,1
DA:22,1
DA:24,1
DA:25,1
DA:26,1
DA:27,1
DA:28,4
DA:29,1
DA:30,2
DA:31,2
DA:35,1
DA:36,1
DA:37,3
DA:38,2
DA:39,0
DA:40,0
DA:41,0
DA:42,0
DA:43,0
DA:44,0
DA:51,1
DA:52,1
DA:53,1
DA:54,1
DA:55,0
DA:56,0
DA:57,0
DA:58,0
DA:59,0
DA:61,0
DA:62,0
DA:63,0
DA:74,4
DA:76,1
DA:78,1
DA:79,1
DA:80,1
DA:81,2
DA:82,1
DA:83,1
DA:84,1
DA:86,0
DA:90,1
DA:91,1
DA:93,1
DA:94,1
DA:95,1
DA:98,1
DA:100,1
DA:103,1
DA:105,1
DA:106,2
DA:110,1
DA:111,1
DA:112,2
DA:113,1
DA:116,0
DA:120,2
DA:121,1
DA:125,1
DA:126,1
DA:141,0
DA:142,0
DA:144,0
DA:145,0
DA:146,0
DA:156,4
DA:158,1
DA:160,1
DA:161,2
DA:162,2
DA:164,1
DA:166,1
DA:167,1
DA:168,1
DA:169,2
DA:171,1
DA:172,1
DA:173,1
DA:179,1
DA:180,1
DA:182,1
DA:183,1
DA:184,1
DA:192,1
DA:193,1
DA:194,2
DA:200,0
DA:213,1
DA:214,1
DA:215,1
DA:216,0
DA:217,1
DA:218,3
DA:219,1
DA:220,1
DA:221,0
DA:222,0
DA:223,0
DA:230,1
DA:233,1
DA:235,3
DA:236,0
DA:237,0
DA:239,0
DA:244,0
DA:245,0
DA:253,3
DA:257,2
DA:258,1
DA:259,3
DA:260,1
DA:261,3
DA:263,1
DA:264,1
DA:267,2
DA:268,2
DA:274,1
DA:275,3
DA:276,3
DA:279,1
DA:280,1
DA:281,1
DA:283,2
DA:284,2
DA:285,3
DA:286,1
DA:287,1
DA:288,3
DA:289,2
DA:291,1
DA:292,3
DA:293,2
DA:298,2
DA:299,3
DA:300,3
DA:305,4
DA:307,1
DA:309,1
DA:310,1
DA:311,1
DA:313,1
DA:314,2
DA:316,1
DA:317,1
DA:318,1
DA:319,1
DA:325,1
DA:326,1
DA:328,2
DA:337,4
DA:339,1
DA:341,1
DA:342,1
DA:343,1
DA:345,1
DA:348,1
DA:349,1
DA:357,1
DA:359,1
DA:360,1
LF:163
LH:132
end_of_record
SF:lib/ui/screens/device_selection/widgets/device_list_item.dart
DA:6,1
DA:21,1
DA:23,1
DA:24,2
DA:25,1
DA:26,1
DA:28,1
DA:29,1
DA:30,2
DA:32,1
DA:33,1
DA:35,1
DA:36,1
DA:37,1
DA:41,1
DA:42,2
DA:49,1
DA:51,1
DA:52,1
DA:53,3
DA:54,2
DA:56,1
DA:57,1
DA:58,1
DA:59,2
DA:63,1
DA:70,1
DA:71,1
LF:28
LH:28
end_of_record
SF:lib/ui/screens/remote_control/remote_screen.dart
DA:11,4
DA:13,1
DA:14,1
DA:20,0
DA:22,0
DA:23,0
DA:24,0
DA:25,0
DA:26,0
DA:27,0
DA:30,1
DA:32,1
DA:33,0
DA:34,0
DA:35,0
DA:36,0
DA:37,0
DA:38,0
DA:39,0
DA:40,0
DA:41,0
DA:45,0
DA:46,0
DA:47,0
DA:48,0
DA:49,0
DA:50,0
DA:51,0
DA:58,0
DA:59,0
DA:65,1
DA:66,1
DA:67,1
DA:68,2
DA:69,2
DA:73,1
DA:74,1
DA:76,2
DA:77,0
DA:78,0
DA:80,0
DA:81,0
DA:88,1
DA:89,1
DA:91,1
DA:93,1
DA:94,1
DA:95,0
DA:96,1
DA:97,1
DA:100,2
DA:101,1
DA:102,1
DA:103,1
DA:104,1
DA:105,1
DA:106,1
LF:57
LH:27
end_of_record
SF:lib/ui/widgets/remote_controls/tv_actions.dart
DA:10,0
DA:11,0
DA:12,0
LF:3
LH:0
end_of_record
SF:lib/ui/theme/app_theme.dart
DA:8,1
DA:9,1
DA:10,1
DA:12,2
LF:4
LH:4
end_of_record
SF:lib/ui/widgets/remote_controls/components/color_keys.dart
DA:8,4
DA:10,1
DA:12,1
DA:13,1
DA:15,1
DA:16,1
DA:18,1
DA:21,1
DA:23,1
DA:26,1
DA:28,1
DA:31,1
DA:33,1
DA:42,1
DA:52,1
DA:54,1
DA:57,1
DA:58,1
DA:60,1
DA:61,1
DA:62,0
LF:21
LH:20
end_of_record
SF:lib/ui/widgets/remote_controls/components/controller_button.dart
DA:4,1
DA:16,1
DA:18,1
DA:19,1
DA:20,3
DA:39,1
DA:41,1
DA:42,1
DA:44,3
DA:50,1
DA:51,1
DA:52,1
DA:53,1
DA:55,1
DA:57,1
LF:15
LH:15
end_of_record
SF:lib/ui/widgets/remote_controls/components/direction_keys.dart
DA:8,4
DA:10,1
DA:12,1
DA:13,1
DA:14,1
DA:15,1
DA:16,1
DA:18,1
DA:19,1
DA:21,1
DA:22,0
DA:27,1
DA:29,1
DA:30,1
DA:32,1
DA:33,0
DA:38,1
DA:40,1
DA:41,1
DA:43,1
DA:44,0
DA:49,1
DA:51,1
DA:52,1
DA:54,1
DA:55,0
DA:60,1
DA:61,1
DA:62,1
DA:64,1
DA:65,0
DA:77,1
DA:79,1
DA:80,1
DA:82,1
DA:84,0
DA:93,1
DA:95,1
DA:96,1
DA:98,1
DA:100,0
DA:109,1
DA:111,1
DA:112,1
DA:114,1
DA:116,0
DA:125,1
DA:127,1
DA:128,1
DA:130,1
DA:132,0
DA:148,4
DA:151,1
DA:153,1
DA:154,1
LF:55
LH:46
end_of_record
SF:lib/ui/widgets/remote_controls/components/media_controls.dart
DA:8,4
DA:10,1
DA:12,1
DA:13,1
DA:15,1
DA:16,1
DA:18,1
DA:21,1
DA:24,1
DA:27,1
DA:29,1
DA:32,1
DA:34,1
DA:37,1
DA:39,1
DA:42,1
DA:44,1
DA:53,1
DA:65,1
DA:67,1
DA:68,1
DA:70,1
DA:71,0
DA:72,3
LF:24
LH:23
end_of_record
SF:lib/ui/widgets/remote_controls/components/num_pad.dart
DA:7,4
DA:32,0
DA:34,0
DA:35,0
DA:38,0
DA:39,0
DA:41,0
DA:44,0
DA:51,0
DA:54,0
DA:56,0
DA:57,0
DA:59,0
DA:60,0
DA:61,0
DA:62,0
DA:63,0
DA:64,0
DA:75,4
DA:82,4
LF:20
LH:3
end_of_record
SF:lib/ui/widgets/remote_controls/components/primary_keys.dart
DA:7,1
DA:18,1
DA:20,1
DA:21,2
DA:22,1
DA:23,1
DA:25,1
DA:26,1
DA:27,1
DA:30,1
DA:31,1
DA:32,1
DA:33,1
DA:35,1
DA:37,1
DA:38,1
DA:39,0
DA:48,1
DA:49,1
DA:50,1
DA:51,1
DA:52,1
DA:57,1
DA:59,1
DA:60,1
DA:61,1
DA:64,1
DA:66,1
DA:67,1
DA:69,1
DA:75,1
DA:76,1
DA:84,1
DA:85,1
DA:86,1
DA:87,1
DA:89,1
DA:91,0
DA:93,0
DA:95,0
DA:100,1
DA:101,1
DA:102,1
DA:103,1
DA:105,1
DA:107,0
DA:109,0
DA:111,0
DA:116,1
DA:117,1
DA:118,1
DA:119,0
DA:120,1
DA:121,0
DA:122,1
DA:123,1
DA:124,0
DA:125,0
DA:126,0
DA:127,0
DA:128,0
DA:129,0
LF:62
LH:47
end_of_record
SF:lib/ui/widgets/remote_controls/components/volume_channel.dart
DA:8,4
DA:10,1
DA:12,1
DA:13,1
DA:15,1
DA:16,1
DA:18,1
DA:19,1
DA:20,1
DA:22,1
DA:25,1
DA:27,1
DA:31,1
DA:33,1
DA:39,1
DA:40,1
DA:41,1
DA:43,0
DA:54,1
DA:56,0
DA:68,1
DA:70,1
DA:71,1
DA:72,1
DA:74,1
DA:86,1
DA:88,1
DA:101,1
DA:115,1
DA:117,1
DA:118,1
DA:120,1
DA:121,1
DA:122,1
DA:124,0
DA:125,2
LF:36
LH:33
end_of_record
